[23:23:28] I/launcher - Running 1 instances of WebDriver
[23:23:28] I/hosted - Using the selenium server at http://localhost:4444/wd/hub
Started
[31mF[0m

Failures:
1) Protractor Demo App Test 1
  Message:
[31m    Failed: chrome not reachable
      (Session info: chrome=93.0.4577.63)
    Build info: version: '3.141.59', revision: 'e82be7d358', time: '2018-11-14T08:25:53'
    System info: host: 'INCHCMLP08346', ip: '192.168.29.33', os.name: 'Windows 10', os.arch: 'amd64', os.version: '10.0', java.version: '9.0.4'
    Driver info: driver.version: unknown[0m
  Stack:
    WebDriverError: chrome not reachable
      (Session info: chrome=93.0.4577.63)
    Build info: version: '3.141.59', revision: 'e82be7d358', time: '2018-11-14T08:25:53'
    System info: host: 'INCHCMLP08346', ip: '192.168.29.33', os.name: 'Windows 10', os.arch: 'amd64', os.version: '10.0', java.version: '9.0.4'
    Driver info: driver.version: unknown
        at Object.checkLegacyResponse (C:\Users\ac00744029\AppData\Roaming\npm\node_modules\protractor\node_modules\selenium-webdriver\lib\error.js:546:15)
        at parseHttpResponse (C:\Users\ac00744029\AppData\Roaming\npm\node_modules\protractor\node_modules\selenium-webdriver\lib\http.js:509:13)
        at C:\Users\ac00744029\AppData\Roaming\npm\node_modules\protractor\node_modules\selenium-webdriver\lib\http.js:441:30
        at processTicksAndRejections (internal/process/task_queues.js:95:5)
    From: Task: WebDriver.findElements(By(xpath, //button))
        at thenableWebDriverProxy.schedule (C:\Users\ac00744029\AppData\Roaming\npm\node_modules\protractor\node_modules\selenium-webdriver\lib\webdriver.js:807:17)
        at thenableWebDriverProxy.findElements (C:\Users\ac00744029\AppData\Roaming\npm\node_modules\protractor\node_modules\selenium-webdriver\lib\webdriver.js:1048:19)
        at C:\Users\ac00744029\AppData\Roaming\npm\node_modules\protractor\built\element.js:159:44
        at ManagedPromise.invokeCallback_ (C:\Users\ac00744029\AppData\Roaming\npm\node_modules\protractor\node_modules\selenium-webdriver\lib\promise.js:1376:14)
        at TaskQueue.execute_ (C:\Users\ac00744029\AppData\Roaming\npm\node_modules\protractor\node_modules\selenium-webdriver\lib\promise.js:3084:14)
        at TaskQueue.executeNext_ (C:\Users\ac00744029\AppData\Roaming\npm\node_modules\protractor\node_modules\selenium-webdriver\lib\promise.js:3067:27)
        at C:\Users\ac00744029\AppData\Roaming\npm\node_modules\protractor\node_modules\selenium-webdriver\lib\promise.js:2927:27
        at C:\Users\ac00744029\AppData\Roaming\npm\node_modules\protractor\node_modules\selenium-webdriver\lib\promise.js:668:7
    From: Task: <anonymous>
        at pollCondition (C:\Users\ac00744029\AppData\Roaming\npm\node_modules\protractor\node_modules\selenium-webdriver\lib\promise.js:2195:19)
        at C:\Users\ac00744029\AppData\Roaming\npm\node_modules\protractor\node_modules\selenium-webdriver\lib\promise.js:2191:7
        at new ManagedPromise (C:\Users\ac00744029\AppData\Roaming\npm\node_modules\protractor\node_modules\selenium-webdriver\lib\promise.js:1077:7)
        at ControlFlow.promise (C:\Users\ac00744029\AppData\Roaming\npm\node_modules\protractor\node_modules\selenium-webdriver\lib\promise.js:2505:12)
        at C:\Users\ac00744029\AppData\Roaming\npm\node_modules\protractor\node_modules\selenium-webdriver\lib\promise.js:2190:22
        at TaskQueue.execute_ (C:\Users\ac00744029\AppData\Roaming\npm\node_modules\protractor\node_modules\selenium-webdriver\lib\promise.js:3084:14)
        at TaskQueue.executeNext_ (C:\Users\ac00744029\AppData\Roaming\npm\node_modules\protractor\node_modules\selenium-webdriver\lib\promise.js:3067:27)
        at C:\Users\ac00744029\AppData\Roaming\npm\node_modules\protractor\node_modules\selenium-webdriver\lib\promise.js:2927:27
        at C:\Users\ac00744029\AppData\Roaming\npm\node_modules\protractor\node_modules\selenium-webdriver\lib\promise.js:668:7
    From: Task: Element taking too long to appear in the DOM
        at scheduleWait (C:\Users\ac00744029\AppData\Roaming\npm\node_modules\protractor\node_modules\selenium-webdriver\lib\promise.js:2188:20)
        at ControlFlow.wait (C:\Users\ac00744029\AppData\Roaming\npm\node_modules\protractor\node_modules\selenium-webdriver\lib\promise.js:2517:12)
        at thenableWebDriverProxy.wait (C:\Users\ac00744029\AppData\Roaming\npm\node_modules\protractor\node_modules\selenium-webdriver\lib\webdriver.js:934:29)
        at run (C:\Users\ac00744029\AppData\Roaming\npm\node_modules\protractor\built\browser.js:58:33)
        at ProtractorBrowser.to.<computed> [as wait] (C:\Users\ac00744029\AppData\Roaming\npm\node_modules\protractor\built\browser.js:66:16)
        at UserContext.<anonymous> (D:\Recorded_Scenarios\xyz\case4\spec.js:17:9)
        at C:\Users\ac00744029\AppData\Roaming\npm\node_modules\protractor\node_modules\jasminewd2\index.js:112:25
        at new ManagedPromise (C:\Users\ac00744029\AppData\Roaming\npm\node_modules\protractor\node_modules\selenium-webdriver\lib\promise.js:1077:7)
        at ControlFlow.promise (C:\Users\ac00744029\AppData\Roaming\npm\node_modules\protractor\node_modules\selenium-webdriver\lib\promise.js:2505:12)
        at schedulerExecute (C:\Users\ac00744029\AppData\Roaming\npm\node_modules\protractor\node_modules\jasminewd2\index.js:95:18)
    From: Task: Run it("Test 1") in control flow
        at UserContext.<anonymous> (C:\Users\ac00744029\AppData\Roaming\npm\node_modules\protractor\node_modules\jasminewd2\index.js:94:19)
    From asynchronous test: 
    Error
        at Suite.<anonymous> (D:\Recorded_Scenarios\xyz\case4\spec.js:6:21)
        at Object.<anonymous> (D:\Recorded_Scenarios\xyz\case4\spec.js:5:15)
        at Module._compile (internal/modules/cjs/loader.js:1085:14)
        at Object.Module._extensions..js (internal/modules/cjs/loader.js:1114:10)
        at Module.load (internal/modules/cjs/loader.js:950:32)
        at Function.Module._load (internal/modules/cjs/loader.js:790:14)

1 spec, 1 failure
Finished in 16.941 seconds

[23:24:03] I/launcher - 0 instance(s) of WebDriver still running
[23:24:03] I/launcher - chrome #01 failed 1 test(s)
[23:24:03] I/launcher - overall: 1 failed spec(s)
[23:24:03] E/launcher - Process exited with error code 1
